0 info it worked if it ends with ok
1 verbose cli [ '/Users/bwells/.nvm/versions/node/v6.2.0/bin/node',
1 verbose cli   '/Users/bwells/.nvm/versions/node/v6.2.0/bin/npm',
1 verbose cli   'run',
1 verbose cli   'build' ]
2 info using npm@3.8.9
3 info using node@v6.2.0
4 verbose run-script [ 'prebuild', 'build', 'postbuild' ]
5 info lifecycle boom-autocomplete@0.1.8~prebuild: boom-autocomplete@0.1.8
6 silly lifecycle boom-autocomplete@0.1.8~prebuild: no script for prebuild, continuing
7 info lifecycle boom-autocomplete@0.1.8~build: boom-autocomplete@0.1.8
8 verbose lifecycle boom-autocomplete@0.1.8~build: unsafe-perm in lifecycle true
9 verbose lifecycle boom-autocomplete@0.1.8~build: PATH: /Users/bwells/.nvm/versions/node/v6.2.0/lib/node_modules/npm/bin/node-gyp-bin:/Users/bwells/Code/boom-autocomplete/node_modules/.bin:/Users/bwells/.nvm/versions/node/v6.2.0/bin:/Users/bwells/.nvm/versions/node/v6.2.0/bin:/Users/gdgdev1/.rvm/gems/ruby-2.1.0/bin:/Users/gdgdev1/.rvm/gems/ruby-2.1.0@global/bin:/Users/gdgdev1/.rvm/rubies/ruby-2.1.0/bin:/Users/gdgdev1/.gvm/vertx/current/bin:/Users/gdgdev1/.gvm/springboot/current/bin:/Users/gdgdev1/.gvm/lazybones/current/bin:/Users/gdgdev1/.gvm/jbake/current/bin:/Users/gdgdev1/.gvm/groovyserv/current/bin:/Users/gdgdev1/.gvm/groovy/current/bin:/Users/gdgdev1/.gvm/griffon/current/bin:/Users/gdgdev1/.gvm/grails/current/bin:/Users/gdgdev1/.gvm/gradle/current/bin:/Users/gdgdev1/.gvm/glide/current/bin:/Users/gdgdev1/.gvm/gaiden/current/bin:/Users/gdgdev1/.gvm/crash/current/bin:/usr/local/bin:/usr/bin:/bin:/usr/sbin:/sbin:/usr/local/MacGPG2/bin:/Users/gdgdev1/.rvm/bin:/usr/local/bin/node:/usr/local/bin:/usr/bin:/bin:/usr/sbin:/sbin:/Applications/eb/python2.7:/usr/local/ec2/ec2-api-tools-1.6.13.0/bin:/usr/local/bin
10 verbose lifecycle boom-autocomplete@0.1.8~build: CWD: /Users/bwells/Code/boom-autocomplete
11 silly lifecycle boom-autocomplete@0.1.8~build: Args: [ '-c', 'rackt build' ]
12 silly lifecycle boom-autocomplete@0.1.8~build: Returned: code: 1  signal: null
13 info lifecycle boom-autocomplete@0.1.8~build: Failed to exec build script
14 verbose stack Error: boom-autocomplete@0.1.8 build: `rackt build`
14 verbose stack Exit status 1
14 verbose stack     at EventEmitter.<anonymous> (/Users/bwells/.nvm/versions/node/v6.2.0/lib/node_modules/npm/lib/utils/lifecycle.js:245:16)
14 verbose stack     at emitTwo (events.js:106:13)
14 verbose stack     at EventEmitter.emit (events.js:191:7)
14 verbose stack     at ChildProcess.<anonymous> (/Users/bwells/.nvm/versions/node/v6.2.0/lib/node_modules/npm/lib/utils/spawn.js:24:14)
14 verbose stack     at emitTwo (events.js:106:13)
14 verbose stack     at ChildProcess.emit (events.js:191:7)
14 verbose stack     at maybeClose (internal/child_process.js:850:16)
14 verbose stack     at Process.ChildProcess._handle.onexit (internal/child_process.js:215:5)
15 verbose pkgid boom-autocomplete@0.1.8
16 verbose cwd /Users/bwells/Code/boom-autocomplete
17 error Darwin 15.3.0
18 error argv "/Users/bwells/.nvm/versions/node/v6.2.0/bin/node" "/Users/bwells/.nvm/versions/node/v6.2.0/bin/npm" "run" "build"
19 error node v6.2.0
20 error npm  v3.8.9
21 error code ELIFECYCLE
22 error boom-autocomplete@0.1.8 build: `rackt build`
22 error Exit status 1
23 error Failed at the boom-autocomplete@0.1.8 build script 'rackt build'.
23 error Make sure you have the latest version of node.js and npm installed.
23 error If you do, this is most likely a problem with the boom-autocomplete package,
23 error not with npm itself.
23 error Tell the author that this fails on your system:
23 error     rackt build
23 error You can get information on how to open an issue for this project with:
23 error     npm bugs boom-autocomplete
23 error Or if that isn't available, you can get their info via:
23 error     npm owner ls boom-autocomplete
23 error There is likely additional logging output above.
24 verbose exit [ 1, true ]
